<?xml version="1.0" encoding="UTF-8"?>
<!-- Generated by org.testng.reporters.JUnitReportReporter -->
<testsuite hostname="A4ML24373" name="testCases.ValidateErrorTest2" tests="1" failures="0" timestamp="11 Feb 2019 09:05:02 GMT" time="0.010" errors="0">
  <testcase name="x" time="0.010" classname="testCases.ValidateErrorTest2"/>
</testsuite> <!-- testCases.ValidateErrorTest2 -->
