<?xml version="1.0" encoding="UTF-8"?>
<!-- Generated by org.testng.reporters.JUnitReportReporter -->
<testsuite hostname="A4ML24373" name="testCases.ValidateErrorTest" tests="3" failures="0" timestamp="25 Jan 2019 16:03:42 GMT" time="94.993" errors="0">
  <testcase name="y" time="29.492" classname="testCases.ValidateErrorTest"/>
  <testcase name="y" time="27.182" classname="testCases.ValidateErrorTest"/>
  <testcase name="y" time="38.319" classname="testCases.ValidateErrorTest"/>
</testsuite> <!-- testCases.ValidateErrorTest -->
